<?xml version="1.0" encoding="UTF-8"?>
<testsuite xmlns:xsi="http://www.w3.org/2001/XMLSchema-instance" xsi:noNamespaceSchemaLocation="https://maven.apache.org/surefire/maven-surefire-plugin/xsd/surefire-test-report.xsd" name="com.dxc.mybaitsplus.MybaitsPlusDatasourceApplicationTests" time="1.915" tests="1" errors="0" skipped="0" failures="0">
  <properties>
    <property name="sun.desktop" value="windows"/>
    <property name="awt.toolkit" value="sun.awt.windows.WToolkit"/>
    <property name="java.specification.version" value="11"/>
    <property name="sun.cpu.isalist" value="amd64"/>
    <property name="sun.jnu.encoding" value="GBK"/>
    <property name="java.class.path" value="D:\software\ideaDocument\mybaits_plus_datasource\target\test-classes;D:\software\ideaDocument\mybaits_plus_datasource\target\classes;D:\software\apache-maven-3.8.7-bin\maven-repository\org\springframework\boot\spring-boot-starter\2.7.12\spring-boot-starter-2.7.12.jar;D:\software\apache-maven-3.8.7-bin\maven-repository\org\springframework\boot\spring-boot\2.7.12\spring-boot-2.7.12.jar;D:\software\apache-maven-3.8.7-bin\maven-repository\org\springframework\spring-context\5.3.27\spring-context-5.3.27.jar;D:\software\apache-maven-3.8.7-bin\maven-repository\org\springframework\spring-beans\5.3.27\spring-beans-5.3.27.jar;D:\software\apache-maven-3.8.7-bin\maven-repository\org\springframework\spring-expression\5.3.27\spring-expression-5.3.27.jar;D:\software\apache-maven-3.8.7-bin\maven-repository\org\springframework\boot\spring-boot-autoconfigure\2.7.12\spring-boot-autoconfigure-2.7.12.jar;D:\software\apache-maven-3.8.7-bin\maven-repository\org\springframework\boot\spring-boot-starter-logging\2.7.12\spring-boot-starter-logging-2.7.12.jar;D:\software\apache-maven-3.8.7-bin\maven-repository\ch\qos\logback\logback-classic\1.2.12\logback-classic-1.2.12.jar;D:\software\apache-maven-3.8.7-bin\maven-repository\ch\qos\logback\logback-core\1.2.12\logback-core-1.2.12.jar;D:\software\apache-maven-3.8.7-bin\maven-repository\org\apache\logging\log4j\log4j-to-slf4j\2.17.2\log4j-to-slf4j-2.17.2.jar;D:\software\apache-maven-3.8.7-bin\maven-repository\org\apache\logging\log4j\log4j-api\2.17.2\log4j-api-2.17.2.jar;D:\software\apache-maven-3.8.7-bin\maven-repository\org\slf4j\jul-to-slf4j\1.7.36\jul-to-slf4j-1.7.36.jar;D:\software\apache-maven-3.8.7-bin\maven-repository\jakarta\annotation\jakarta.annotation-api\1.3.5\jakarta.annotation-api-1.3.5.jar;D:\software\apache-maven-3.8.7-bin\maven-repository\org\springframework\spring-core\5.3.27\spring-core-5.3.27.jar;D:\software\apache-maven-3.8.7-bin\maven-repository\org\springframework\spring-jcl\5.3.27\spring-jcl-5.3.27.jar;D:\software\apache-maven-3.8.7-bin\maven-repository\org\yaml\snakeyaml\1.30\snakeyaml-1.30.jar;D:\software\apache-maven-3.8.7-bin\maven-repository\org\springframework\boot\spring-boot-starter-test\2.7.12\spring-boot-starter-test-2.7.12.jar;D:\software\apache-maven-3.8.7-bin\maven-repository\org\springframework\boot\spring-boot-test\2.7.12\spring-boot-test-2.7.12.jar;D:\software\apache-maven-3.8.7-bin\maven-repository\org\springframework\boot\spring-boot-test-autoconfigure\2.7.12\spring-boot-test-autoconfigure-2.7.12.jar;D:\software\apache-maven-3.8.7-bin\maven-repository\com\jayway\jsonpath\json-path\2.7.0\json-path-2.7.0.jar;D:\software\apache-maven-3.8.7-bin\maven-repository\net\minidev\json-smart\2.4.11\json-smart-2.4.11.jar;D:\software\apache-maven-3.8.7-bin\maven-repository\net\minidev\accessors-smart\2.4.11\accessors-smart-2.4.11.jar;D:\software\apache-maven-3.8.7-bin\maven-repository\org\ow2\asm\asm\9.3\asm-9.3.jar;D:\software\apache-maven-3.8.7-bin\maven-repository\org\slf4j\slf4j-api\1.7.36\slf4j-api-1.7.36.jar;D:\software\apache-maven-3.8.7-bin\maven-repository\jakarta\xml\bind\jakarta.xml.bind-api\2.3.3\jakarta.xml.bind-api-2.3.3.jar;D:\software\apache-maven-3.8.7-bin\maven-repository\jakarta\activation\jakarta.activation-api\1.2.2\jakarta.activation-api-1.2.2.jar;D:\software\apache-maven-3.8.7-bin\maven-repository\org\assertj\assertj-core\3.22.0\assertj-core-3.22.0.jar;D:\software\apache-maven-3.8.7-bin\maven-repository\org\hamcrest\hamcrest\2.2\hamcrest-2.2.jar;D:\software\apache-maven-3.8.7-bin\maven-repository\org\junit\jupiter\junit-jupiter\5.8.2\junit-jupiter-5.8.2.jar;D:\software\apache-maven-3.8.7-bin\maven-repository\org\junit\jupiter\junit-jupiter-api\5.8.2\junit-jupiter-api-5.8.2.jar;D:\software\apache-maven-3.8.7-bin\maven-repository\org\opentest4j\opentest4j\1.2.0\opentest4j-1.2.0.jar;D:\software\apache-maven-3.8.7-bin\maven-repository\org\junit\platform\junit-platform-commons\1.8.2\junit-platform-commons-1.8.2.jar;D:\software\apache-maven-3.8.7-bin\maven-repository\org\apiguardian\apiguardian-api\1.1.2\apiguardian-api-1.1.2.jar;D:\software\apache-maven-3.8.7-bin\maven-repository\org\junit\jupiter\junit-jupiter-params\5.8.2\junit-jupiter-params-5.8.2.jar;D:\software\apache-maven-3.8.7-bin\maven-repository\org\junit\jupiter\junit-jupiter-engine\5.8.2\junit-jupiter-engine-5.8.2.jar;D:\software\apache-maven-3.8.7-bin\maven-repository\org\junit\platform\junit-platform-engine\1.8.2\junit-platform-engine-1.8.2.jar;D:\software\apache-maven-3.8.7-bin\maven-repository\org\mockito\mockito-core\4.5.1\mockito-core-4.5.1.jar;D:\software\apache-maven-3.8.7-bin\maven-repository\net\bytebuddy\byte-buddy\1.12.23\byte-buddy-1.12.23.jar;D:\software\apache-maven-3.8.7-bin\maven-repository\net\bytebuddy\byte-buddy-agent\1.12.23\byte-buddy-agent-1.12.23.jar;D:\software\apache-maven-3.8.7-bin\maven-repository\org\objenesis\objenesis\3.2\objenesis-3.2.jar;D:\software\apache-maven-3.8.7-bin\maven-repository\org\mockito\mockito-junit-jupiter\4.5.1\mockito-junit-jupiter-4.5.1.jar;D:\software\apache-maven-3.8.7-bin\maven-repository\org\skyscreamer\jsonassert\1.5.1\jsonassert-1.5.1.jar;D:\software\apache-maven-3.8.7-bin\maven-repository\com\vaadin\external\google\android-json\0.0.20131108.vaadin1\android-json-0.0.20131108.vaadin1.jar;D:\software\apache-maven-3.8.7-bin\maven-repository\org\springframework\spring-test\5.3.27\spring-test-5.3.27.jar;D:\software\apache-maven-3.8.7-bin\maven-repository\org\xmlunit\xmlunit-core\2.9.1\xmlunit-core-2.9.1.jar;D:\software\apache-maven-3.8.7-bin\maven-repository\com\baomidou\mybatis-plus-boot-starter\3.5.1\mybatis-plus-boot-starter-3.5.1.jar;D:\software\apache-maven-3.8.7-bin\maven-repository\com\baomidou\mybatis-plus\3.5.1\mybatis-plus-3.5.1.jar;D:\software\apache-maven-3.8.7-bin\maven-repository\com\baomidou\mybatis-plus-extension\3.5.1\mybatis-plus-extension-3.5.1.jar;D:\software\apache-maven-3.8.7-bin\maven-repository\com\baomidou\mybatis-plus-core\3.5.1\mybatis-plus-core-3.5.1.jar;D:\software\apache-maven-3.8.7-bin\maven-repository\com\baomidou\mybatis-plus-annotation\3.5.1\mybatis-plus-annotation-3.5.1.jar;D:\software\apache-maven-3.8.7-bin\maven-repository\com\github\jsqlparser\jsqlparser\4.3\jsqlparser-4.3.jar;D:\software\apache-maven-3.8.7-bin\maven-repository\org\mybatis\mybatis\3.5.9\mybatis-3.5.9.jar;D:\software\apache-maven-3.8.7-bin\maven-repository\org\mybatis\mybatis-spring\2.0.6\mybatis-spring-2.0.6.jar;D:\software\apache-maven-3.8.7-bin\maven-repository\org\springframework\boot\spring-boot-starter-jdbc\2.7.12\spring-boot-starter-jdbc-2.7.12.jar;D:\software\apache-maven-3.8.7-bin\maven-repository\com\zaxxer\HikariCP\4.0.3\HikariCP-4.0.3.jar;D:\software\apache-maven-3.8.7-bin\maven-repository\org\springframework\spring-jdbc\5.3.27\spring-jdbc-5.3.27.jar;D:\software\apache-maven-3.8.7-bin\maven-repository\org\springframework\spring-tx\5.3.27\spring-tx-5.3.27.jar;D:\software\apache-maven-3.8.7-bin\maven-repository\org\projectlombok\lombok\1.18.26\lombok-1.18.26.jar;D:\software\apache-maven-3.8.7-bin\maven-repository\mysql\mysql-connector-java\8.0.16\mysql-connector-java-8.0.16.jar;D:\software\apache-maven-3.8.7-bin\maven-repository\com\google\protobuf\protobuf-java\3.6.1\protobuf-java-3.6.1.jar;D:\software\apache-maven-3.8.7-bin\maven-repository\com\baomidou\dynamic-datasource-spring-boot-starter\3.5.0\dynamic-datasource-spring-boot-starter-3.5.0.jar;D:\software\apache-maven-3.8.7-bin\maven-repository\org\springframework\boot\spring-boot-starter-aop\2.7.12\spring-boot-starter-aop-2.7.12.jar;D:\software\apache-maven-3.8.7-bin\maven-repository\org\springframework\spring-aop\5.3.27\spring-aop-5.3.27.jar;D:\software\apache-maven-3.8.7-bin\maven-repository\org\aspectj\aspectjweaver\1.9.7\aspectjweaver-1.9.7.jar;"/>
    <property name="java.vm.vendor" value="Oracle Corporation"/>
    <property name="sun.arch.data.model" value="64"/>
    <property name="user.variant" value=""/>
    <property name="java.vendor.url" value="https://openjdk.java.net/"/>
    <property name="user.timezone" value="Asia/Shanghai"/>
    <property name="java.vm.specification.version" value="11"/>
    <property name="os.name" value="Windows 11"/>
    <property name="sun.java.launcher" value="SUN_STANDARD"/>
    <property name="user.country" value="CN"/>
    <property name="sun.boot.library.path" value="D:\environment\jdk-11.0.17\bin"/>
    <property name="sun.java.command" value="C:\Users\yanji\AppData\Local\Temp\surefire5205498856293229461\surefirebooter8833434062655181106.jar C:\Users\yanji\AppData\Local\Temp\surefire5205498856293229461 2023-05-25T14-57-31_861-jvmRun1 surefire61154622219769252tmp surefire_05568505319846834286tmp"/>
    <property name="jdk.debug" value="release"/>
    <property name="surefire.test.class.path" value="D:\software\ideaDocument\mybaits_plus_datasource\target\test-classes;D:\software\ideaDocument\mybaits_plus_datasource\target\classes;D:\software\apache-maven-3.8.7-bin\maven-repository\org\springframework\boot\spring-boot-starter\2.7.12\spring-boot-starter-2.7.12.jar;D:\software\apache-maven-3.8.7-bin\maven-repository\org\springframework\boot\spring-boot\2.7.12\spring-boot-2.7.12.jar;D:\software\apache-maven-3.8.7-bin\maven-repository\org\springframework\spring-context\5.3.27\spring-context-5.3.27.jar;D:\software\apache-maven-3.8.7-bin\maven-repository\org\springframework\spring-beans\5.3.27\spring-beans-5.3.27.jar;D:\software\apache-maven-3.8.7-bin\maven-repository\org\springframework\spring-expression\5.3.27\spring-expression-5.3.27.jar;D:\software\apache-maven-3.8.7-bin\maven-repository\org\springframework\boot\spring-boot-autoconfigure\2.7.12\spring-boot-autoconfigure-2.7.12.jar;D:\software\apache-maven-3.8.7-bin\maven-repository\org\springframework\boot\spring-boot-starter-logging\2.7.12\spring-boot-starter-logging-2.7.12.jar;D:\software\apache-maven-3.8.7-bin\maven-repository\ch\qos\logback\logback-classic\1.2.12\logback-classic-1.2.12.jar;D:\software\apache-maven-3.8.7-bin\maven-repository\ch\qos\logback\logback-core\1.2.12\logback-core-1.2.12.jar;D:\software\apache-maven-3.8.7-bin\maven-repository\org\apache\logging\log4j\log4j-to-slf4j\2.17.2\log4j-to-slf4j-2.17.2.jar;D:\software\apache-maven-3.8.7-bin\maven-repository\org\apache\logging\log4j\log4j-api\2.17.2\log4j-api-2.17.2.jar;D:\software\apache-maven-3.8.7-bin\maven-repository\org\slf4j\jul-to-slf4j\1.7.36\jul-to-slf4j-1.7.36.jar;D:\software\apache-maven-3.8.7-bin\maven-repository\jakarta\annotation\jakarta.annotation-api\1.3.5\jakarta.annotation-api-1.3.5.jar;D:\software\apache-maven-3.8.7-bin\maven-repository\org\springframework\spring-core\5.3.27\spring-core-5.3.27.jar;D:\software\apache-maven-3.8.7-bin\maven-repository\org\springframework\spring-jcl\5.3.27\spring-jcl-5.3.27.jar;D:\software\apache-maven-3.8.7-bin\maven-repository\org\yaml\snakeyaml\1.30\snakeyaml-1.30.jar;D:\software\apache-maven-3.8.7-bin\maven-repository\org\springframework\boot\spring-boot-starter-test\2.7.12\spring-boot-starter-test-2.7.12.jar;D:\software\apache-maven-3.8.7-bin\maven-repository\org\springframework\boot\spring-boot-test\2.7.12\spring-boot-test-2.7.12.jar;D:\software\apache-maven-3.8.7-bin\maven-repository\org\springframework\boot\spring-boot-test-autoconfigure\2.7.12\spring-boot-test-autoconfigure-2.7.12.jar;D:\software\apache-maven-3.8.7-bin\maven-repository\com\jayway\jsonpath\json-path\2.7.0\json-path-2.7.0.jar;D:\software\apache-maven-3.8.7-bin\maven-repository\net\minidev\json-smart\2.4.11\json-smart-2.4.11.jar;D:\software\apache-maven-3.8.7-bin\maven-repository\net\minidev\accessors-smart\2.4.11\accessors-smart-2.4.11.jar;D:\software\apache-maven-3.8.7-bin\maven-repository\org\ow2\asm\asm\9.3\asm-9.3.jar;D:\software\apache-maven-3.8.7-bin\maven-repository\org\slf4j\slf4j-api\1.7.36\slf4j-api-1.7.36.jar;D:\software\apache-maven-3.8.7-bin\maven-repository\jakarta\xml\bind\jakarta.xml.bind-api\2.3.3\jakarta.xml.bind-api-2.3.3.jar;D:\software\apache-maven-3.8.7-bin\maven-repository\jakarta\activation\jakarta.activation-api\1.2.2\jakarta.activation-api-1.2.2.jar;D:\software\apache-maven-3.8.7-bin\maven-repository\org\assertj\assertj-core\3.22.0\assertj-core-3.22.0.jar;D:\software\apache-maven-3.8.7-bin\maven-repository\org\hamcrest\hamcrest\2.2\hamcrest-2.2.jar;D:\software\apache-maven-3.8.7-bin\maven-repository\org\junit\jupiter\junit-jupiter\5.8.2\junit-jupiter-5.8.2.jar;D:\software\apache-maven-3.8.7-bin\maven-repository\org\junit\jupiter\junit-jupiter-api\5.8.2\junit-jupiter-api-5.8.2.jar;D:\software\apache-maven-3.8.7-bin\maven-repository\org\opentest4j\opentest4j\1.2.0\opentest4j-1.2.0.jar;D:\software\apache-maven-3.8.7-bin\maven-repository\org\junit\platform\junit-platform-commons\1.8.2\junit-platform-commons-1.8.2.jar;D:\software\apache-maven-3.8.7-bin\maven-repository\org\apiguardian\apiguardian-api\1.1.2\apiguardian-api-1.1.2.jar;D:\software\apache-maven-3.8.7-bin\maven-repository\org\junit\jupiter\junit-jupiter-params\5.8.2\junit-jupiter-params-5.8.2.jar;D:\software\apache-maven-3.8.7-bin\maven-repository\org\junit\jupiter\junit-jupiter-engine\5.8.2\junit-jupiter-engine-5.8.2.jar;D:\software\apache-maven-3.8.7-bin\maven-repository\org\junit\platform\junit-platform-engine\1.8.2\junit-platform-engine-1.8.2.jar;D:\software\apache-maven-3.8.7-bin\maven-repository\org\mockito\mockito-core\4.5.1\mockito-core-4.5.1.jar;D:\software\apache-maven-3.8.7-bin\maven-repository\net\bytebuddy\byte-buddy\1.12.23\byte-buddy-1.12.23.jar;D:\software\apache-maven-3.8.7-bin\maven-repository\net\bytebuddy\byte-buddy-agent\1.12.23\byte-buddy-agent-1.12.23.jar;D:\software\apache-maven-3.8.7-bin\maven-repository\org\objenesis\objenesis\3.2\objenesis-3.2.jar;D:\software\apache-maven-3.8.7-bin\maven-repository\org\mockito\mockito-junit-jupiter\4.5.1\mockito-junit-jupiter-4.5.1.jar;D:\software\apache-maven-3.8.7-bin\maven-repository\org\skyscreamer\jsonassert\1.5.1\jsonassert-1.5.1.jar;D:\software\apache-maven-3.8.7-bin\maven-repository\com\vaadin\external\google\android-json\0.0.20131108.vaadin1\android-json-0.0.20131108.vaadin1.jar;D:\software\apache-maven-3.8.7-bin\maven-repository\org\springframework\spring-test\5.3.27\spring-test-5.3.27.jar;D:\software\apache-maven-3.8.7-bin\maven-repository\org\xmlunit\xmlunit-core\2.9.1\xmlunit-core-2.9.1.jar;D:\software\apache-maven-3.8.7-bin\maven-repository\com\baomidou\mybatis-plus-boot-starter\3.5.1\mybatis-plus-boot-starter-3.5.1.jar;D:\software\apache-maven-3.8.7-bin\maven-repository\com\baomidou\mybatis-plus\3.5.1\mybatis-plus-3.5.1.jar;D:\software\apache-maven-3.8.7-bin\maven-repository\com\baomidou\mybatis-plus-extension\3.5.1\mybatis-plus-extension-3.5.1.jar;D:\software\apache-maven-3.8.7-bin\maven-repository\com\baomidou\mybatis-plus-core\3.5.1\mybatis-plus-core-3.5.1.jar;D:\software\apache-maven-3.8.7-bin\maven-repository\com\baomidou\mybatis-plus-annotation\3.5.1\mybatis-plus-annotation-3.5.1.jar;D:\software\apache-maven-3.8.7-bin\maven-repository\com\github\jsqlparser\jsqlparser\4.3\jsqlparser-4.3.jar;D:\software\apache-maven-3.8.7-bin\maven-repository\org\mybatis\mybatis\3.5.9\mybatis-3.5.9.jar;D:\software\apache-maven-3.8.7-bin\maven-repository\org\mybatis\mybatis-spring\2.0.6\mybatis-spring-2.0.6.jar;D:\software\apache-maven-3.8.7-bin\maven-repository\org\springframework\boot\spring-boot-starter-jdbc\2.7.12\spring-boot-starter-jdbc-2.7.12.jar;D:\software\apache-maven-3.8.7-bin\maven-repository\com\zaxxer\HikariCP\4.0.3\HikariCP-4.0.3.jar;D:\software\apache-maven-3.8.7-bin\maven-repository\org\springframework\spring-jdbc\5.3.27\spring-jdbc-5.3.27.jar;D:\software\apache-maven-3.8.7-bin\maven-repository\org\springframework\spring-tx\5.3.27\spring-tx-5.3.27.jar;D:\software\apache-maven-3.8.7-bin\maven-repository\org\projectlombok\lombok\1.18.26\lombok-1.18.26.jar;D:\software\apache-maven-3.8.7-bin\maven-repository\mysql\mysql-connector-java\8.0.16\mysql-connector-java-8.0.16.jar;D:\software\apache-maven-3.8.7-bin\maven-repository\com\google\protobuf\protobuf-java\3.6.1\protobuf-java-3.6.1.jar;D:\software\apache-maven-3.8.7-bin\maven-repository\com\baomidou\dynamic-datasource-spring-boot-starter\3.5.0\dynamic-datasource-spring-boot-starter-3.5.0.jar;D:\software\apache-maven-3.8.7-bin\maven-repository\org\springframework\boot\spring-boot-starter-aop\2.7.12\spring-boot-starter-aop-2.7.12.jar;D:\software\apache-maven-3.8.7-bin\maven-repository\org\springframework\spring-aop\5.3.27\spring-aop-5.3.27.jar;D:\software\apache-maven-3.8.7-bin\maven-repository\org\aspectj\aspectjweaver\1.9.7\aspectjweaver-1.9.7.jar;"/>
    <property name="sun.cpu.endian" value="little"/>
    <property name="user.home" value="C:\Users\yanji"/>
    <property name="user.language" value="zh"/>
    <property name="java.specification.vendor" value="Oracle Corporation"/>
    <property name="java.version.date" value="2022-10-18"/>
    <property name="java.home" value="D:\environment\jdk-11.0.17"/>
    <property name="file.separator" value="\"/>
    <property name="basedir" value="D:\software\ideaDocument\mybaits_plus_datasource"/>
    <property name="java.vm.compressedOopsMode" value="Zero based"/>
    <property name="line.separator" value="&#10;"/>
    <property name="java.specification.name" value="Java Platform API Specification"/>
    <property name="java.vm.specification.vendor" value="Oracle Corporation"/>
    <property name="java.awt.graphicsenv" value="sun.awt.Win32GraphicsEnvironment"/>
    <property name="surefire.real.class.path" value="C:\Users\yanji\AppData\Local\Temp\surefire5205498856293229461\surefirebooter8833434062655181106.jar"/>
    <property name="user.script" value=""/>
    <property name="sun.management.compiler" value="HotSpot 64-Bit Tiered Compilers"/>
    <property name="java.runtime.version" value="11.0.17+10-LTS-269"/>
    <property name="user.name" value="yanji"/>
    <property name="path.separator" value=";"/>
    <property name="os.version" value="10.0"/>
    <property name="java.runtime.name" value="Java(TM) SE Runtime Environment"/>
    <property name="file.encoding" value="GBK"/>
    <property name="java.vm.name" value="Java HotSpot(TM) 64-Bit Server VM"/>
    <property name="java.vendor.version" value="18.9"/>
    <property name="localRepository" value="D:\software\apache-maven-3.8.7-bin\maven-repository"/>
    <property name="java.vendor.url.bug" value="https://bugreport.java.com/bugreport/"/>
    <property name="java.io.tmpdir" value="C:\Users\yanji\AppData\Local\Temp\"/>
    <property name="idea.version" value="2022.2.3"/>
    <property name="java.version" value="11.0.17"/>
    <property name="user.dir" value="D:\software\ideaDocument\mybaits_plus_datasource"/>
    <property name="os.arch" value="amd64"/>
    <property name="java.vm.specification.name" value="Java Virtual Machine Specification"/>
    <property name="java.awt.printerjob" value="sun.awt.windows.WPrinterJob"/>
    <property name="sun.os.patch.level" value=""/>
    <property name="java.library.path" value="D:\environment\jdk-11.0.17\bin;C:\WINDOWS\Sun\Java\bin;C:\WINDOWS\system32;C:\WINDOWS;D:\NVIDIA GPU Computing Toolkit\CUDA\v11.3\bin;D:\NVIDIA GPU Computing Toolkit\CUDA\v11.3\libnvvp;D:\NVIDIA GPU Computing Toolkit\CUDA\V11.2\bin;D:\NVIDIA GPU Computing Toolkit\CUDA\V11.2\libnvvp;C:\Program Files\NVIDIA GPU Computing Toolkit\CUDA\v10.0\bin;C:\Program Files\NVIDIA GPU Computing Toolkit\CUDA\v10.0\libnvvp;D:\Anaconda3;D:\Anaconda3\Library\mingw-w64\bin;D:\Anaconda3\Library\usr\bin;D:\Anaconda3\Library\bin;D:\Anaconda3\Scripts;D:\VMware\VMware Workstation\bin\;C:\Windows\system32;C:\Windows;C:\Windows\System32\Wbem;C:\Windows\System32\WindowsPowerShell\v1.0\;C:\Windows\System32\OpenSSH\;C:\Program Files (x86)\NVIDIA Corporation\PhysX\Common;C:\Program Files\NVIDIA Corporation\NVIDIA NvDLISR;D:\Bandizip\;D:\environment\jdk-11.0.17\bin;D:\software\mysql\MySQL Server 8.0\bin;D:\Git\cmd;D:\software\apache-maven-3.8.7-bin\apache-maven-3.8.7\bin;D:\software\Xshell 7\;C:\Program Files\TortoiseGit\bin;C:\WINDOWS\system32;C:\WINDOWS;C:\WINDOWS\System32\Wbem;C:\WINDOWS\System32\WindowsPowerShell\v1.0\;C:\WINDOWS\System32\OpenSSH\;D:\software\Xftp 7\;C:\Program Files\NVIDIA Corporation\Nsight Compute 2021.1.0\;D:\software\mysql\MySQL\MySQL Shell 8.0\bin\;C:\Users\yanji\AppData\Local\Microsoft\WindowsApps;;D:\PyCharm 2022.2.3\bin;;."/>
    <property name="java.vendor" value="Oracle Corporation"/>
    <property name="java.vm.info" value="mixed mode"/>
    <property name="java.vm.version" value="11.0.17+10-LTS-269"/>
    <property name="sun.io.unicode.encoding" value="UnicodeLittle"/>
    <property name="maven.repo.local" value="D:\software\apache-maven-3.8.7-bin\maven-repository"/>
    <property name="java.class.version" value="55.0"/>
  </properties>
  <testcase name="contextLoads" classname="com.dxc.mybaitsplus.MybaitsPlusDatasourceApplicationTests" time="0.224"/>
</testsuite>